ringdroid/build/intermediates/manifest_merge_blame_file/debug/manifest-merger-blame-debug-report.txt
1<?xml version="1.0" encoding="utf-8"?>
2<!--
3/*
4 * Ringdroid/AndroidManifest.xml
5 *
6 * Copyright (C) 2008 Google Inc.
7 *
8 * Licensed under the Apache License, Version 2.0 (the "License");
9 * you may not use this file except in compliance with the License.
10 * You may obtain a copy of the License at
11 *
12 *      http://www.apache.org/licenses/LICENSE-2.0
13 *
14 * Unless required by applicable law or agreed to in writing, software
15 * distributed under the License is distributed on an "AS IS" BASIS,
16 * WITHOUT WARRANTIES OR CONDITIONS OF ANY KIND, either express or implied.
17 * See the License for the specific language governing permissions and
18 * limitations under the License.
19 */
20-->
21<manifest xmlns:android="http://schemas.android.com/apk/res/android"
22    package="com.ringdroid"
23    android:versionCode="20704"
24    android:versionName="2.7.4" >
25
26    <uses-sdk
26-->src\main\AndroidManifest.xml:26:5-27:46
27        android:minSdkVersion="1"
27-->src\main\AndroidManifest.xml:26:15-41
28        android:targetSdkVersion="1" />
28-->src\main\AndroidManifest.xml:27:15-44
29
30    <uses-permission android:name="android.permission.READ_CONTACTS" />
30-->src\main\AndroidManifest.xml:29:5-72
30-->src\main\AndroidManifest.xml:29:22-69
31    <uses-permission android:name="android.permission.WRITE_CONTACTS" />
31-->src\main\AndroidManifest.xml:30:5-73
31-->src\main\AndroidManifest.xml:30:22-70
32    <uses-permission android:name="android.permission.WRITE_SETTINGS" />
32-->src\main\AndroidManifest.xml:31:5-73
32-->src\main\AndroidManifest.xml:31:22-70
33    <uses-permission android:name="android.permission.WRITE_EXTERNAL_STORAGE" />
33-->src\main\AndroidManifest.xml:32:5-81
33-->src\main\AndroidManifest.xml:32:22-78
34    <uses-permission android:name="android.permission.RECORD_AUDIO" />
34-->src\main\AndroidManifest.xml:33:5-70
34-->src\main\AndroidManifest.xml:33:22-68
35
36    <supports-screens android:anyDensity="true" />
36-->src\main\AndroidManifest.xml:35:5-51
36-->src\main\AndroidManifest.xml:35:23-48
37
38    <application
38-->src\main\AndroidManifest.xml:37:5-67:19
39        android:allowBackup="true"
39-->src\main\AndroidManifest.xml:41:18-44
40        android:label="@string/ringdroid_app_name"
40-->src\main\AndroidManifest.xml:37:18-60
41        android:largeHeap="true"
41-->src\main\AndroidManifest.xml:40:18-42
42        android:theme="@android:style/Theme.Holo" >
42-->src\main\AndroidManifest.xml:39:18-59
43
44        <!-- Main activity that's launched when the user opens Ringdroid. -->
45        <activity
45-->src\main\AndroidManifest.xml:45:9-49:20
46            android:name="com.ringdroid.RingdroidSelectActivity"
46-->src\main\AndroidManifest.xml:45:19-57
47            android:label="@string/main_activity_label" >
47-->src\main\AndroidManifest.xml:46:19-62
48        </activity>
49
50        <!--
51         Activity for actually editing a particular audio file.
52             Controls viewing the waveform, setting the start and end
53             positions, playback, and triggering saving of the output
54             file.
55        -->
56        <activity
56-->src\main\AndroidManifest.xml:55:9-60:20
57            android:name="com.ringdroid.RingdroidEditActivity"
57-->src\main\AndroidManifest.xml:55:19-55
58            android:configChanges="orientation|screenSize|keyboardHidden"
58-->src\main\AndroidManifest.xml:56:19-80
59            android:hardwareAccelerated="true"
59-->src\main\AndroidManifest.xml:58:19-53
60            android:windowSoftInputMode="adjustResize" >
60-->src\main\AndroidManifest.xml:57:19-61
61        </activity>
62
63        <!-- Activity for choosing a contact to assign a ringtone to. -->
64        <activity
64-->src\main\AndroidManifest.xml:63:9-65:20
65            android:name="com.ringdroid.ChooseContactActivity"
65-->src\main\AndroidManifest.xml:63:19-55
66            android:configChanges="orientation|keyboardHidden" >
66-->src\main\AndroidManifest.xml:64:19-69
67        </activity>
68    </application>
69
70</manifest>